[2025-05-16 11:45:22,346] - [INFO] > starting engine base
[2025-05-16 11:45:22,346] - [INFO] > starting nvlrc reading
[2025-05-16 11:45:22,346] - [INFO] > initialize nvlrc
[2025-05-16 11:45:22,346] - [WARNING] > novell name not setted in nvlrc, be care
[2025-05-16 11:45:22,346] - [INFO] > console starting
[2025-05-16 11:45:22,346] - [INFO] > theme manager starting
[2025-05-16 11:45:22,346] - [INFO] > loading theme
[2025-05-16 11:45:22,346] - [WARNING] > theme main.theme not found
[2025-05-16 11:45:22,347] - [INFO] > starting lua runtime
[2025-05-16 11:45:22,347] - [INFO] > starting music mixer
[2025-05-16 11:45:22,450] - [INFO] > loading custom scene
[2025-05-16 11:45:22,451] - [INFO] > running game
[2025-05-16 11:45:22,451] - [INFO] > entering game loop
[2025-05-16 11:45:22,451] - [DEBUG] > saving...
[2025-05-16 11:45:22,451] - [DEBUG] > applying lua logic on id 1
[2025-05-16 11:45:22,451] - [WARNING] > function modify_scene not found in lua env, skipping script...
[2025-05-16 11:45:22,451] - [INFO] > rendering: 1
[2025-05-16 11:45:22,451] - [DEBUG] > rendering scene: 1
[2025-05-16 11:45:22,673] - [DEBUG] > rendering tab1
[2025-05-16 11:45:22,674] - [DEBUG] > applying lua logic on id 1
[2025-05-16 11:45:22,674] - [WARNING] > function post_scene not found in lua env, skipping script...
